2025-10-23 18:52:50,178 - INFO - ======================================================================
2025-10-23 18:52:50,178 - INFO - FIGURE 1-2 GENERATION WITH BIOLOGICAL VARIABILITY
2025-10-23 18:52:50,178 - INFO - 30 trials per condition with parameter CV = 0.20
2025-10-23 18:52:50,178 - INFO - ======================================================================
2025-10-23 18:52:50,178 - INFO - Starting Figure 1 generation...
2025-10-23 18:52:50,178 - INFO - Creating Figure 1 with 30 trials per condition...
2025-10-23 18:52:50,179 - INFO - Testing frequencies: [ 0.1  1.   2.   5.  10.  20.  30.  40. ] Hz
2025-10-23 18:52:50,179 - INFO - Creating pathway synapses with experimental parameters...
2025-10-23 18:52:50,179 - INFO - Base parameters from Hayakawa et al., 2014
2025-10-23 18:52:50,179 - INFO - Variability model: CV = 0.20 (Nusser et al., 2001)
2025-10-23 18:52:50,179 - INFO -   DD: τ_rec=248.0ms, τ_facil=133.0ms, U=0.2
2025-10-23 18:52:50,179 - INFO -   MD: τ_rec=3977.0ms, τ_facil=27.0ms, U=0.3
2025-10-23 18:52:50,179 - INFO -   PD: τ_rec=460.0ms, τ_facil=20.0ms, U=0.32
2025-10-23 18:52:50,179 - INFO - 
Processing DD pathway (30 trials)...
2025-10-23 18:52:50,180 - INFO -   0.1 Hz: 101.1 ± 3.0%
2025-10-23 18:52:50,181 - INFO -   1.0 Hz: 99.5 ± 3.3%
2025-10-23 18:52:50,182 - INFO -   2.0 Hz: 97.0 ± 3.3%
2025-10-23 18:52:50,183 - INFO -   5.0 Hz: 107.0 ± 2.9%
2025-10-23 18:52:50,183 - INFO -   10.0 Hz: 118.9 ± 3.1%
2025-10-23 18:52:50,184 - INFO -   20.0 Hz: 125.2 ± 2.3%
2025-10-23 18:52:50,185 - INFO -   30.0 Hz: 136.2 ± 2.2%
2025-10-23 18:52:50,186 - INFO -   40.0 Hz: 139.5 ± 2.2%
2025-10-23 18:52:50,186 - INFO - 
Processing MD pathway (30 trials)...
2025-10-23 18:52:50,187 - INFO -   0.1 Hz: 90.7 ± 3.7%
2025-10-23 18:52:50,187 - INFO -   1.0 Hz: 75.6 ± 2.7%
2025-10-23 18:52:50,188 - INFO -   2.0 Hz: 74.0 ± 2.9%
2025-10-23 18:52:50,189 - INFO -   5.0 Hz: 71.1 ± 2.6%
2025-10-23 18:52:50,190 - INFO -   10.0 Hz: 66.0 ± 3.0%
2025-10-23 18:52:50,190 - INFO -   20.0 Hz: 80.6 ± 2.1%
2025-10-23 18:52:50,191 - INFO -   30.0 Hz: 86.6 ± 2.0%
2025-10-23 18:52:50,192 - INFO -   40.0 Hz: 93.4 ± 2.1%
2025-10-23 18:52:50,192 - INFO - 
Processing PD pathway (30 trials)...
2025-10-23 18:52:50,193 - INFO -   0.1 Hz: 101.3 ± 4.3%
2025-10-23 18:52:50,193 - INFO -   1.0 Hz: 88.2 ± 3.7%
2025-10-23 18:52:50,194 - INFO -   2.0 Hz: 94.1 ± 3.7%
2025-10-23 18:52:50,195 - INFO -   5.0 Hz: 82.8 ± 2.7%
2025-10-23 18:52:50,196 - INFO -   10.0 Hz: 75.1 ± 2.7%
2025-10-23 18:52:50,196 - INFO -   20.0 Hz: 78.1 ± 3.1%
2025-10-23 18:52:50,197 - INFO -   30.0 Hz: 81.4 ± 1.9%
2025-10-23 18:52:50,198 - INFO -   40.0 Hz: 78.4 ± 2.1%
2025-10-23 18:52:51,156 - INFO - Saved numerical data: Figure1_data_variability_20251023_185250.csv
2025-10-23 18:52:51,156 - INFO - Starting Figure 2 generation...
2025-10-23 18:52:52,361 - INFO - Generating summary statistics...
2025-10-23 18:52:52,362 - INFO - ======================================================================
2025-10-23 18:52:52,362 - INFO - FIGURE GENERATION COMPLETE
2025-10-23 18:52:52,362 - INFO - ======================================================================
2025-10-23 18:52:52,362 - INFO - Files generated:
2025-10-23 18:52:52,362 - INFO - - Figure1_variability_*.png/tiff (with error bars)
2025-10-23 18:52:52,362 - INFO - - Figure2_variability_*.png/tiff (mean values)
2025-10-23 18:52:52,362 - INFO - - Figure1_data_variability_*.csv
2025-10-23 18:52:52,363 - INFO - - figure1-2_variability_20251023_185250.log
2025-10-23 18:52:52,363 - INFO - 
2025-10-23 18:52:52,363 - INFO - All data based on 30 trials with CV=0.20
2025-10-23 18:52:52,363 - INFO - Variability based on Nusser et al., 2001
