2025-10-23 19:01:17,680 - INFO - ======================================================================
2025-10-23 19:01:17,681 - INFO - FIGURE 3: HAYAKAWA 2014 REPRODUCTION WITH VARIABILITY
2025-10-23 19:01:17,681 - INFO - 30 trials per condition with parameter CV = 0.20
2025-10-23 19:01:17,681 - INFO - ======================================================================
2025-10-23 19:01:17,681 - INFO - Creating Figure 3 with 30 trials per condition (CV=0.2)...
2025-10-23 19:01:17,681 - INFO - Pathway parameters (Hayakawa et al., 2014):
2025-10-23 19:01:17,681 - INFO -   DD: τ_rec=248.0ms, τ_facil=133.0ms, U=0.2
2025-10-23 19:01:17,681 - INFO -   MD: τ_rec=3977.0ms, τ_facil=27.0ms, U=0.3
2025-10-23 19:01:17,681 - INFO -   PD: τ_rec=460.2ms, τ_facil=20.0ms, U=0.318
2025-10-23 19:01:17,762 - INFO - 
Processing 0.1 Hz (30 trials)...
2025-10-23 19:01:31,181 - INFO -   DD: P1=100.0±0.0%, P10=103.6±3.9%
2025-10-23 19:01:44,325 - INFO -   MD: P1=100.0±0.0%, P10=92.6±3.2%
2025-10-23 19:01:57,611 - INFO -   PD: P1=100.0±0.0%, P10=104.4±4.0%
2025-10-23 19:01:57,613 - INFO - 
Processing 1 Hz (30 trials)...
2025-10-23 19:01:58,962 - INFO -   DD: P1=100.0±0.0%, P10=96.8±4.3%
2025-10-23 19:02:00,309 - INFO -   MD: P1=100.0±0.0%, P10=49.3±1.1%
2025-10-23 19:02:01,641 - INFO -   PD: P1=100.0±0.0%, P10=100.2±3.3%
2025-10-23 19:02:01,641 - INFO - 
Processing 2 Hz (30 trials)...
2025-10-23 19:02:02,314 - INFO -   DD: P1=100.0±0.0%, P10=103.8±3.6%
2025-10-23 19:02:02,996 - INFO -   MD: P1=100.0±0.0%, P10=33.3±1.0%
2025-10-23 19:02:03,654 - INFO -   PD: P1=100.0±0.0%, P10=87.5±2.6%
2025-10-23 19:02:03,655 - INFO - 
Processing 5 Hz (30 trials)...
2025-10-23 19:02:03,932 - INFO -   DD: P1=100.0±0.0%, P10=102.3±2.5%
2025-10-23 19:02:04,199 - INFO -   MD: P1=100.0±0.0%, P10=16.9±0.4%
2025-10-23 19:02:04,470 - INFO -   PD: P1=100.0±0.0%, P10=63.6±1.8%
2025-10-23 19:02:04,471 - INFO - 
Processing 10 Hz (30 trials)...
2025-10-23 19:02:04,610 - INFO -   DD: P1=100.0±0.0%, P10=97.0±2.6%
2025-10-23 19:02:04,743 - INFO -   MD: P1=100.0±0.0%, P10=11.1±0.4%
2025-10-23 19:02:04,878 - INFO -   PD: P1=100.0±0.0%, P10=43.0±1.2%
2025-10-23 19:02:04,879 - INFO - 
Processing 20 Hz (30 trials)...
2025-10-23 19:02:04,948 - INFO -   DD: P1=100.0±0.0%, P10=76.8±2.3%
2025-10-23 19:02:05,018 - INFO -   MD: P1=100.0±0.0%, P10=6.9±0.3%
2025-10-23 19:02:05,085 - INFO -   PD: P1=100.0±0.0%, P10=28.0±0.7%
2025-10-23 19:02:06,262 - INFO - 
Saved numerical data: Figure3_data_variability_20251023_190205.csv
2025-10-23 19:02:06,266 - INFO - 
======================================================================
2025-10-23 19:02:06,266 - INFO - FIGURE GENERATION COMPLETE
2025-10-23 19:02:06,266 - INFO - ======================================================================
2025-10-23 19:02:06,266 - INFO - Files generated:
2025-10-23 19:02:06,266 - INFO - - Figure3_Hayakawa2014_variability_20251023_190205.png
2025-10-23 19:02:06,266 - INFO - - Figure3_Hayakawa2014_variability_20251023_190205.tiff
2025-10-23 19:02:06,266 - INFO - - Figure3_data_variability_20251023_190205.csv
2025-10-23 19:02:06,266 - INFO - - figure3_variability_20251023_190117.log
2025-10-23 19:02:06,266 - INFO - 
All data based on 30 trials with CV=0.2
2025-10-23 19:02:06,266 - INFO - Variability based on Nusser et al., 2001
